TN:
SF:C:/Projetos/hands-adm/src/polyfills.ts
FNF:0
FNH:0
DA:46,1
DA:74,1
LF:2
LH:2
BRF:0
BRH:0
end_of_record
TN:
SF:C:/Projetos/hands-adm/src/test.ts
FNF:0
FNH:0
DA:3,1
DA:4,1
DA:5,1
DA:13,1
DA:18,1
DA:20,1
LF:6
LH:6
BRF:0
BRH:0
end_of_record
TN:
SF:C:/Projetos/hands-adm/src/app/app.component.ts
FN:11,(anonymous_1)
FNF:1
FNH:1
FNDA:2,(anonymous_1)
DA:1,1
DA:11,1
LF:2
LH:2
BRF:0
BRH:0
end_of_record
TN:
SF:C:/Projetos/hands-adm/src/app/cases/cases-add.component.ts
FN:15,(anonymous_2)
FN:38,CasesAddComponent
FN:42,(anonymous_4)
FN:45,(anonymous_5)
FN:59,(anonymous_6)
FN:66,(anonymous_7)
FN:69,(anonymous_8)
FN:76,(anonymous_9)
FN:86,(anonymous_10)
FN:93,(anonymous_11)
FN:96,(anonymous_12)
FNF:11
FNH:3
FNDA:1,(anonymous_2)
FNDA:1,CasesAddComponent
FNDA:1,(anonymous_4)
FNDA:0,(anonymous_5)
FNDA:0,(anonymous_6)
FNDA:0,(anonymous_7)
FNDA:0,(anonymous_8)
FNDA:0,(anonymous_9)
FNDA:0,(anonymous_10)
FNDA:0,(anonymous_11)
FNDA:0,(anonymous_12)
DA:1,1
DA:2,1
DA:5,1
DA:6,1
DA:15,1
DA:19,1
DA:23,1
DA:31,1
DA:38,1
DA:42,1
DA:43,1
DA:44,0
DA:46,0
DA:47,0
DA:48,0
DA:52,1
DA:53,1
DA:59,1
DA:60,0
DA:66,1
DA:67,0
DA:68,0
DA:70,0
DA:71,0
DA:75,0
DA:77,0
DA:78,0
DA:86,1
DA:87,0
DA:93,1
DA:94,0
DA:95,0
DA:96,0
DA:97,0
DA:99,0
DA:101,1
LF:36
LH:18
BRDA:43,0,0,0
BRDA:43,0,1,1
BRDA:67,1,0,0
BRDA:67,1,1,0
BRF:4
BRH:1
end_of_record
TN:
SF:C:/Projetos/hands-adm/src/app/cases/cases.component.ts
FN:14,(anonymous_2)
FN:32,CasesComponent
FN:36,(anonymous_4)
FN:39,(anonymous_5)
FN:42,(anonymous_6)
FN:50,(anonymous_7)
FN:57,(anonymous_8)
FN:59,(anonymous_9)
FN:60,(anonymous_10)
FN:63,(anonymous_11)
FNF:10
FNH:4
FNDA:1,(anonymous_2)
FNDA:1,CasesComponent
FNDA:1,(anonymous_4)
FNDA:1,(anonymous_5)
FNDA:0,(anonymous_6)
FNDA:0,(anonymous_7)
FNDA:0,(anonymous_8)
FNDA:0,(anonymous_9)
FNDA:0,(anonymous_10)
FNDA:0,(anonymous_11)
DA:1,1
DA:2,1
DA:4,1
DA:14,1
DA:22,1
DA:26,1
DA:32,1
DA:36,1
DA:37,1
DA:40,1
DA:43,0
DA:50,1
DA:51,0
DA:57,1
DA:58,0
DA:60,0
DA:61,0
DA:64,0
DA:68,1
LF:19
LH:13
BRF:0
BRH:0
end_of_record
TN:
SF:C:/Projetos/hands-adm/src/app/home/home.component.ts
FN:11,(anonymous_1)
FN:6,HomeComponent
FN:19,(anonymous_3)
FNF:3
FNH:3
FNDA:1,(anonymous_1)
FNDA:1,HomeComponent
FNDA:1,(anonymous_3)
DA:1,1
DA:11,1
DA:15,1
DA:19,1
DA:21,1
LF:5
LH:5
BRF:0
BRH:0
end_of_record
TN:
SF:C:/Projetos/hands-adm/src/app/produtos/produtos-add.component.ts
FN:15,(anonymous_2)
FN:38,ProdutosAddComponent
FN:42,(anonymous_4)
FN:45,(anonymous_5)
FN:59,(anonymous_6)
FN:66,(anonymous_7)
FN:69,(anonymous_8)
FN:76,(anonymous_9)
FN:86,(anonymous_10)
FN:93,(anonymous_11)
FN:96,(anonymous_12)
FNF:11
FNH:3
FNDA:1,(anonymous_2)
FNDA:1,ProdutosAddComponent
FNDA:1,(anonymous_4)
FNDA:0,(anonymous_5)
FNDA:0,(anonymous_6)
FNDA:0,(anonymous_7)
FNDA:0,(anonymous_8)
FNDA:0,(anonymous_9)
FNDA:0,(anonymous_10)
FNDA:0,(anonymous_11)
FNDA:0,(anonymous_12)
DA:1,1
DA:2,1
DA:5,1
DA:6,1
DA:15,1
DA:19,1
DA:23,1
DA:31,1
DA:38,1
DA:42,1
DA:43,1
DA:44,0
DA:46,0
DA:47,0
DA:48,0
DA:52,1
DA:53,1
DA:59,1
DA:60,0
DA:66,1
DA:67,0
DA:68,0
DA:70,0
DA:71,0
DA:75,0
DA:77,0
DA:78,0
DA:86,1
DA:87,0
DA:93,1
DA:94,0
DA:95,0
DA:96,0
DA:97,0
DA:99,0
DA:101,1
LF:36
LH:18
BRDA:43,0,0,0
BRDA:43,0,1,1
BRDA:67,1,0,0
BRDA:67,1,1,0
BRF:4
BRH:1
end_of_record
TN:
SF:C:/Projetos/hands-adm/src/app/produtos/produtos.component.ts
FN:14,(anonymous_2)
FN:32,ProdutosComponent
FN:37,(anonymous_4)
FN:40,(anonymous_5)
FN:43,(anonymous_6)
FN:51,(anonymous_7)
FN:58,(anonymous_8)
FN:60,(anonymous_9)
FN:61,(anonymous_10)
FN:64,(anonymous_11)
FNF:10
FNH:4
FNDA:1,(anonymous_2)
FNDA:1,ProdutosComponent
FNDA:1,(anonymous_4)
FNDA:1,(anonymous_5)
FNDA:0,(anonymous_6)
FNDA:0,(anonymous_7)
FNDA:0,(anonymous_8)
FNDA:0,(anonymous_9)
FNDA:0,(anonymous_10)
FNDA:0,(anonymous_11)
DA:1,1
DA:2,1
DA:4,1
DA:14,1
DA:22,1
DA:26,1
DA:32,1
DA:37,1
DA:38,1
DA:41,1
DA:44,0
DA:51,1
DA:52,0
DA:58,1
DA:59,0
DA:61,0
DA:62,0
DA:65,0
DA:69,1
LF:19
LH:13
BRF:0
BRH:0
end_of_record
TN:
SF:C:/Projetos/hands-adm/src/app/shared/menu/menu.component.ts
FN:11,(anonymous_1)
FN:6,MenuComponent
FN:19,(anonymous_3)
FNF:3
FNH:3
FNDA:1,(anonymous_1)
FNDA:2,MenuComponent
FNDA:1,(anonymous_3)
DA:1,1
DA:11,1
DA:15,2
DA:19,1
DA:21,1
LF:5
LH:5
BRF:0
BRH:0
end_of_record
TN:
SF:C:/Projetos/hands-adm/src/app/shared/models/case.model.ts
FN:4,(anonymous_0)
FNF:1
FNH:1
FNDA:2,(anonymous_0)
DA:4,1
DA:9,1
LF:2
LH:2
BRF:0
BRH:0
end_of_record
TN:
SF:C:/Projetos/hands-adm/src/app/shared/models/produto.model.ts
FN:4,(anonymous_0)
FNF:1
FNH:1
FNDA:2,(anonymous_0)
DA:4,1
DA:9,1
LF:2
LH:2
BRF:0
BRH:0
end_of_record
TN:
SF:C:/Projetos/hands-adm/src/app/shared/services/cases.service.ts
FN:14,(anonymous_2)
FN:23,CasesService
FN:28,(anonymous_4)
FN:35,(anonymous_5)
FN:43,(anonymous_6)
FN:51,(anonymous_7)
FN:59,(anonymous_8)
FN:67,(anonymous_9)
FNF:8
FNH:3
FNDA:1,(anonymous_2)
FNDA:3,CasesService
FNDA:0,(anonymous_4)
FNDA:1,(anonymous_5)
FNDA:0,(anonymous_6)
FNDA:0,(anonymous_7)
FNDA:0,(anonymous_8)
FNDA:0,(anonymous_9)
DA:1,1
DA:2,1
DA:3,1
DA:4,1
DA:5,1
DA:14,1
DA:18,3
DA:23,3
DA:28,1
DA:29,0
DA:35,1
DA:36,1
DA:43,1
DA:44,0
DA:51,1
DA:52,0
DA:59,1
DA:60,0
DA:67,1
DA:68,0
DA:70,1
LF:21
LH:16
BRF:0
BRH:0
end_of_record
TN:
SF:C:/Projetos/hands-adm/src/app/shared/services/produtos.service.ts
FN:14,(anonymous_2)
FN:24,ProdutosService
FN:29,(anonymous_4)
FN:36,(anonymous_5)
FN:44,(anonymous_6)
FN:52,(anonymous_7)
FN:60,(anonymous_8)
FN:68,(anonymous_9)
FNF:8
FNH:3
FNDA:1,(anonymous_2)
FNDA:3,ProdutosService
FNDA:0,(anonymous_4)
FNDA:1,(anonymous_5)
FNDA:0,(anonymous_6)
FNDA:0,(anonymous_7)
FNDA:0,(anonymous_8)
FNDA:0,(anonymous_9)
DA:1,1
DA:2,1
DA:3,1
DA:4,1
DA:5,1
DA:14,1
DA:19,3
DA:24,3
DA:29,1
DA:30,0
DA:36,1
DA:37,1
DA:44,1
DA:45,0
DA:52,1
DA:53,0
DA:60,1
DA:61,0
DA:68,1
DA:69,0
DA:71,1
LF:21
LH:16
BRF:0
BRH:0
end_of_record
TN:
SF:C:/Projetos/hands-adm/src/app/shared/title/title.component.ts
FN:11,(anonymous_2)
FN:19,(anonymous_4)
FNF:2
FNH:2
FNDA:7,(anonymous_2)
FNDA:6,(anonymous_4)
DA:1,1
DA:11,1
DA:15,1
DA:19,1
DA:22,1
LF:5
LH:5
BRF:0
BRH:0
end_of_record
